Arguments: 
  /usr/local/bin/node /usr/local/bin/yarn add --dev babel-plugin-transform-runtime babel-runtime

PATH: 
  /usr/local/bin:/usr/bin:/bin:/usr/sbin:/sbin

Yarn version: 
  1.3.2

Node version: 
  8.1.3

Platform: 
  darwin x64

npm manifest: 
  {
    "name": "music",
    "version": "1.0.0",
    "description": "",
    "main": "index.js",
    "scripts": {
      "start": "cross-env NODE_ENV=dev webpack-dev-server",
      "build": "cross-env NODE_ENV=production webpack"
    },
    "repository": {
      "type": "git",
      "url": "git+https://github.com/esymeptoo/music.git"
    },
    "author": "",
    "license": "ISC",
    "bugs": {
      "url": "https://github.com/esymeptoo/music/issues"
    },
    "homepage": "https://github.com/esymeptoo/music#readme",
    "dependencies": {
      "babel-preset-es2015": "^6.24.1",
      "babel-preset-react": "^6.24.1",
      "webpack": "^3.10.0",
      "webpack-dev-server": "^2.9.7",
      "webpack-merge": "^4.1.1"
    }
  }

yarn manifest: 
  No manifest

Lockfile: 
  No lockfile

Trace: 
  Error: ENOENT: no such file or directory, open '/Users/esymeptoo/Desktop/react/music/node_modules/http-proxy-middleware/node_modules/is-extglob/LICENSE'
